SF:lib\heuristika.dart
DA:25,1
DA:52,1
DA:57,2
DA:58,2
DA:61,4
DA:65,2
DA:66,2
DA:68,2
DA:69,1
DA:73,2
DA:74,2
DA:75,2
DA:76,1
DA:79,1
DA:81,2
DA:82,3
DA:85,1
DA:90,1
DA:96,1
DA:97,2
DA:98,1
DA:99,1
DA:102,1
DA:104,5
DA:105,5
DA:109,1
DA:110,1
DA:111,4
DA:112,1
LF:29
LH:29
end_of_record
SF:lib\sql_connection.dart
DA:17,8
DA:18,24
DA:20,1
DA:21,1
DA:22,1
DA:34,1
DA:35,1
DA:36,2
DA:38,2
DA:40,1
DA:42,1
DA:46,1
DA:47,2
DA:55,1
DA:56,1
DA:59,1
DA:60,1
DA:61,1
DA:65,1
DA:66,1
DA:67,2
DA:70,1
DA:71,1
DA:72,2
DA:75,1
DA:85,1
DA:91,1
DA:92,1
DA:93,1
LF:29
LH:29
end_of_record
SF:lib\authscreen.dart
DA:7,9
DA:9,2
DA:10,2
DA:30,2
DA:32,4
DA:33,4
DA:34,4
DA:35,4
DA:36,4
DA:37,4
DA:38,4
DA:39,2
DA:42,1
DA:43,2
DA:44,1
DA:49,1
DA:50,1
DA:53,1
DA:54,2
DA:60,1
DA:61,1
DA:65,2
DA:68,2
DA:71,2
DA:74,2
DA:81,0
DA:82,0
DA:83,0
DA:87,1
DA:88,1
DA:89,1
DA:91,1
DA:92,1
DA:93,1
DA:101,1
DA:105,1
DA:106,1
DA:107,0
DA:119,1
DA:120,3
DA:121,3
DA:123,3
DA:124,2
DA:126,1
DA:129,1
DA:133,1
DA:136,1
DA:140,1
DA:141,1
DA:142,2
DA:144,1
DA:145,2
DA:146,2
DA:150,1
DA:151,3
DA:152,3
DA:154,3
DA:155,3
DA:156,3
DA:157,2
DA:159,1
DA:162,1
DA:163,0
DA:167,1
DA:174,1
DA:175,1
DA:176,2
DA:178,1
DA:179,2
DA:180,2
DA:184,2
DA:186,2
DA:188,2
DA:189,2
DA:190,6
DA:199,2
DA:200,2
DA:201,2
DA:203,2
DA:210,2
DA:211,2
DA:212,2
DA:213,2
DA:222,2
DA:223,2
DA:224,2
DA:226,2
DA:227,2
DA:228,2
DA:229,2
DA:230,2
DA:231,2
DA:237,2
DA:240,2
DA:241,2
DA:242,2
DA:243,2
DA:246,2
DA:247,2
DA:248,2
DA:252,0
DA:253,0
DA:254,0
DA:259,2
DA:262,2
DA:264,2
DA:265,2
DA:276,2
DA:277,2
DA:278,2
DA:280,2
DA:281,2
DA:282,2
DA:283,2
DA:284,2
DA:285,2
DA:290,2
DA:293,2
DA:294,2
DA:299,2
DA:303,2
DA:304,2
DA:310,2
DA:313,2
DA:314,2
DA:315,2
DA:316,2
DA:319,2
DA:320,2
DA:321,2
DA:325,0
DA:326,0
DA:327,0
DA:332,2
DA:335,2
DA:336,2
DA:337,2
DA:338,2
DA:341,2
DA:342,2
DA:343,2
DA:347,0
DA:348,0
DA:349,0
DA:350,0
DA:355,1
DA:356,1
DA:358,3
DA:365,2
DA:367,2
DA:368,2
LF:151
LH:136
end_of_record
SF:lib\dbqueries.dart
DA:15,21
DA:18,7
DA:19,5
DA:21,21
DA:23,15
DA:25,7
DA:33,7
DA:34,14
DA:35,14
DA:39,8
DA:41,1
DA:42,1
DA:43,2
DA:47,2
DA:48,4
DA:49,2
DA:51,2
DA:55,2
DA:57,2
DA:59,2
DA:60,2
DA:61,4
DA:62,4
DA:63,4
DA:64,4
DA:70,1
DA:71,1
DA:76,1
DA:80,1
DA:83,2
DA:84,1
DA:85,2
DA:86,1
DA:90,1
DA:96,2
DA:97,2
DA:98,3
DA:99,1
DA:101,1
DA:104,1
DA:108,1
DA:109,3
DA:111,1
DA:114,1
DA:118,0
DA:122,0
DA:123,0
DA:125,0
DA:129,0
DA:133,1
DA:134,3
DA:136,1
DA:140,1
DA:142,1
DA:143,2
DA:144,2
DA:145,2
DA:149,1
DA:150,1
DA:169,1
DA:171,4
DA:175,2
DA:176,2
DA:182,8
DA:186,2
DA:187,2
DA:197,2
DA:199,8
DA:203,1
DA:210,1
DA:211,0
DA:213,1
DA:214,0
DA:217,3
DA:218,3
DA:219,3
DA:220,1
DA:222,1
DA:243,1
DA:247,1
DA:251,1
DA:262,1
DA:264,1
DA:265,2
DA:269,1
DA:276,1
DA:277,0
DA:279,1
DA:280,0
DA:283,3
DA:284,3
DA:285,3
DA:286,1
DA:288,1
DA:296,1
DA:299,1
DA:303,1
DA:307,1
DA:311,1
DA:314,1
DA:331,1
DA:333,4
DA:337,1
DA:342,1
DA:343,0
DA:346,1
DA:349,1
DA:353,1
DA:357,2
DA:358,1
DA:362,1
DA:367,1
DA:372,1
DA:373,0
DA:375,2
DA:376,1
DA:381,1
DA:385,1
DA:392,1
DA:393,0
DA:396,3
DA:397,3
DA:398,3
DA:399,1
DA:401,2
DA:402,1
DA:441,1
DA:445,2
DA:446,2
DA:462,6
DA:466,1
DA:474,2
DA:475,2
DA:478,1
DA:479,0
DA:481,1
DA:482,0
DA:484,1
DA:485,0
DA:488,1
DA:489,2
DA:490,3
DA:491,3
DA:493,1
DA:494,0
DA:496,1
DA:497,0
DA:500,1
DA:503,1
DA:506,1
DA:515,1
DA:525,1
DA:527,1
DA:528,0
DA:531,4
DA:532,1
DA:533,0
DA:540,1
DA:549,2
DA:550,2
DA:553,1
DA:554,0
DA:556,1
DA:557,0
DA:559,1
DA:560,0
DA:563,1
DA:564,2
DA:565,3
DA:566,3
DA:568,1
DA:569,0
DA:571,1
DA:572,0
DA:575,1
DA:578,1
DA:581,1
DA:600,1
DA:609,1
DA:614,1
DA:618,1
DA:646,1
DA:650,1
DA:651,1
DA:667,1
DA:669,1
DA:670,2
DA:674,1
DA:675,1
DA:689,4
DA:694,1
DA:697,1
DA:710,1
DA:712,4
DA:716,1
DA:717,1
DA:729,1
DA:731,1
DA:732,2
DA:733,3
DA:734,3
DA:735,1
DA:736,2
DA:743,0
DA:747,0
DA:764,0
DA:766,0
DA:769,1
DA:770,4
DA:771,3
DA:772,3
DA:773,3
DA:774,1
DA:778,1
DA:779,1
DA:785,4
DA:790,1
DA:795,1
DA:796,1
DA:798,1
DA:817,1
DA:819,4
DA:823,0
DA:829,0
DA:831,0
DA:854,0
DA:859,0
DA:863,0
DA:925,0
DA:929,0
DA:933,0
DA:937,0
DA:940,0
DA:944,0
DA:1005,0
DA:1007,0
DA:1012,0
DA:1016,0
DA:1079,0
DA:1081,0
LF:240
LH:194
end_of_record
SF:lib\ml_scoring.dart
DA:14,3
DA:15,6
DA:16,3
DA:18,8
DA:19,6
DA:20,3
DA:21,6
DA:22,6
DA:25,1
DA:28,1
DA:29,4
DA:30,2
DA:31,2
DA:33,5
DA:34,4
DA:35,4
DA:38,4
DA:42,1
DA:44,2
DA:45,4
LF:20
LH:20
end_of_record
SF:lib\home.dart
DA:4,1
DA:6,1
DA:7,1
DA:9,1
DA:11,1
DA:13,1
DA:14,1
DA:16,1
DA:23,1
DA:25,1
DA:27,1
DA:28,1
DA:30,1
DA:34,1
LF:14
LH:14
end_of_record
SF:lib\main.dart
DA:13,0
DA:14,0
DA:18,0
DA:19,0
DA:21,0
DA:24,0
DA:28,9
DA:30,1
DA:32,1
DA:34,1
DA:35,1
DA:41,1
DA:43,0
DA:54,9
DA:56,1
DA:57,1
DA:63,1
DA:65,1
DA:66,2
DA:70,1
DA:71,1
DA:72,1
DA:75,1
DA:77,1
DA:78,1
DA:79,1
DA:81,2
DA:87,2
DA:99,9
DA:103,1
DA:104,1
DA:112,1
DA:113,2
DA:114,1
DA:118,1
DA:121,1
DA:122,1
DA:123,1
DA:125,1
DA:128,1
DA:129,1
DA:131,1
DA:134,1
DA:139,0
DA:143,1
DA:144,1
DA:145,3
DA:146,3
DA:147,1
DA:149,1
DA:151,0
DA:152,0
DA:154,0
DA:162,1
DA:188,1
DA:193,1
LF:56
LH:45
end_of_record
SF:lib\plan_prehrane.dart
DA:11,9
DA:18,2
DA:19,2
DA:36,2
DA:37,2
DA:38,8
DA:41,4
DA:42,2
DA:43,4
DA:44,4
DA:47,2
DA:49,2
DA:50,2
DA:53,2
DA:55,4
DA:56,0
DA:58,2
DA:60,2
DA:63,1
DA:64,1
DA:65,3
DA:66,2
DA:69,0
DA:70,0
DA:71,0
DA:74,0
DA:75,0
DA:76,0
DA:81,0
DA:82,0
DA:83,0
DA:87,0
DA:89,0
DA:93,0
DA:94,0
DA:96,0
DA:97,0
DA:98,0
DA:100,0
DA:101,0
DA:102,0
DA:103,0
DA:104,0
DA:105,0
DA:106,0
DA:108,0
DA:110,0
DA:111,0
DA:117,0
DA:118,0
DA:119,0
DA:120,0
DA:122,0
DA:124,0
DA:125,0
DA:126,0
DA:129,0
DA:130,0
DA:138,0
DA:139,0
DA:141,0
DA:143,0
DA:150,0
DA:151,0
DA:155,0
DA:160,0
DA:162,0
DA:164,0
DA:166,0
DA:171,0
DA:179,0
DA:180,0
DA:188,0
DA:191,0
DA:192,0
DA:193,0
DA:194,0
DA:196,0
DA:197,0
DA:198,0
DA:199,0
DA:201,0
DA:203,0
DA:204,0
DA:206,0
DA:208,0
DA:211,0
DA:213,0
DA:221,0
DA:222,0
DA:230,0
DA:233,0
DA:234,0
DA:235,0
DA:236,0
DA:238,0
DA:239,0
DA:240,0
DA:241,0
DA:243,0
DA:248,0
DA:249,0
DA:255,0
DA:256,0
DA:257,0
DA:258,0
DA:260,0
DA:262,0
DA:263,0
DA:268,0
DA:269,0
DA:270,0
DA:273,0
DA:274,0
DA:276,0
DA:287,0
DA:290,0
DA:291,0
DA:296,0
DA:298,0
DA:303,2
DA:305,6
DA:307,6
DA:309,2
DA:310,1
DA:313,3
DA:315,0
DA:318,3
DA:319,3
DA:321,2
DA:322,2
DA:324,3
DA:327,1
DA:328,2
DA:329,1
DA:330,1
DA:331,1
DA:332,1
DA:335,1
DA:336,2
DA:338,2
DA:339,6
DA:344,0
DA:345,0
DA:347,2
DA:348,16
DA:350,2
DA:351,2
DA:352,2
DA:356,1
DA:357,9
DA:359,1
DA:363,2
DA:364,1
DA:365,2
DA:368,3
DA:371,2
DA:378,0
DA:379,0
DA:381,0
DA:382,0
DA:386,0
DA:387,0
DA:388,0
DA:389,0
DA:390,0
DA:391,0
DA:392,0
DA:393,0
DA:395,0
DA:396,0
DA:399,0
DA:401,0
DA:402,0
DA:405,0
DA:407,0
DA:408,0
DA:409,0
DA:412,0
DA:414,0
DA:415,0
DA:416,0
DA:419,0
DA:420,0
DA:422,0
DA:423,0
DA:427,0
DA:428,0
DA:429,0
DA:430,0
DA:431,0
DA:432,0
DA:433,0
DA:434,0
DA:436,0
DA:438,0
DA:447,0
DA:448,0
DA:450,0
DA:453,0
DA:454,0
DA:455,0
DA:460,0
DA:461,0
DA:462,0
DA:465,0
DA:466,0
DA:473,0
DA:476,0
DA:478,0
DA:480,0
DA:482,0
DA:487,0
DA:491,0
DA:492,0
DA:493,0
DA:495,0
DA:497,0
DA:499,0
DA:500,0
DA:501,0
DA:507,0
DA:508,0
DA:509,0
DA:510,0
DA:512,0
DA:514,0
DA:515,0
DA:520,0
DA:521,0
DA:522,0
DA:525,0
DA:526,0
DA:534,0
DA:537,0
DA:538,0
DA:543,0
DA:545,0
DA:549,0
DA:550,0
DA:551,0
DA:552,0
DA:553,0
DA:554,0
DA:556,0
DA:557,0
DA:560,0
DA:562,0
DA:563,0
DA:565,0
DA:566,0
DA:567,0
DA:568,0
DA:569,0
DA:570,0
DA:571,0
DA:573,0
DA:574,0
DA:576,0
DA:577,0
DA:579,0
DA:583,0
DA:584,0
DA:585,0
DA:586,0
DA:587,0
DA:593,0
DA:594,0
DA:595,0
DA:603,0
DA:607,0
DA:608,0
DA:609,0
DA:613,0
DA:614,0
DA:616,0
DA:617,0
DA:618,0
DA:623,0
DA:624,0
DA:625,0
DA:628,0
DA:629,0
DA:636,0
DA:639,0
DA:641,0
DA:643,0
DA:644,0
DA:645,0
DA:649,0
DA:654,1
DA:655,1
DA:656,1
DA:657,2
DA:659,1
DA:660,1
DA:661,1
DA:662,0
DA:670,2
DA:672,6
DA:674,2
DA:675,2
DA:676,2
DA:678,2
DA:685,2
DA:689,2
DA:691,2
DA:693,2
DA:696,2
DA:701,2
DA:703,2
DA:705,2
DA:706,2
DA:707,2
DA:710,2
DA:711,2
DA:713,6
DA:716,2
DA:718,8
DA:719,2
DA:720,12
DA:721,4
DA:722,0
DA:727,5
DA:729,3
DA:730,2
DA:731,1
DA:733,2
DA:734,2
DA:735,2
DA:738,0
DA:740,1
DA:742,1
DA:745,1
DA:746,1
DA:747,1
DA:752,1
DA:754,1
DA:756,1
DA:757,1
DA:758,2
DA:759,1
DA:762,0
DA:766,1
DA:767,1
DA:770,1
DA:772,0
DA:773,1
DA:779,1
DA:781,1
DA:782,1
DA:785,1
DA:799,1
DA:800,2
DA:802,1
DA:803,0
DA:804,0
DA:810,1
DA:811,0
DA:817,1
DA:819,1
DA:821,1
DA:823,1
DA:824,1
DA:826,1
DA:828,0
DA:832,1
DA:836,0
DA:853,2
DA:856,2
DA:857,2
DA:858,2
LF:372
LH:127
end_of_record
SF:lib\zaliheKorisnika.dart
DA:9,9
DA:16,2
DA:17,2
DA:27,2
DA:29,2
DA:30,2
DA:33,2
DA:34,4
DA:35,2
DA:36,2
DA:40,10
DA:42,2
DA:43,2
DA:46,3
DA:48,0
DA:50,3
DA:53,1
DA:54,2
DA:55,1
DA:56,1
DA:57,1
DA:60,2
DA:61,4
DA:62,4
DA:63,2
DA:68,1
DA:69,1
DA:70,0
DA:71,0
DA:74,1
DA:75,1
DA:77,3
DA:80,1
DA:81,1
DA:85,1
DA:86,1
DA:88,1
DA:89,1
DA:91,2
DA:92,1
DA:97,1
DA:98,1
DA:102,1
DA:103,1
DA:105,2
DA:106,1
DA:108,2
DA:110,1
DA:111,1
DA:112,2
DA:115,2
DA:116,1
DA:117,1
DA:118,4
DA:121,1
DA:122,1
DA:123,4
DA:130,1
DA:133,1
DA:135,1
DA:137,1
DA:138,1
DA:140,1
DA:141,2
DA:145,1
DA:146,1
DA:147,1
DA:148,2
DA:150,1
DA:151,1
DA:152,1
DA:153,0
DA:161,3
DA:163,1
DA:165,1
DA:166,1
DA:168,3
DA:169,3
DA:170,2
DA:171,1
DA:174,2
DA:176,2
DA:180,2
DA:181,2
DA:182,2
DA:184,2
DA:186,2
DA:189,2
DA:190,2
DA:195,2
DA:196,2
DA:205,1
DA:206,1
DA:207,1
DA:209,1
DA:217,1
DA:221,1
DA:223,1
DA:225,1
DA:228,1
DA:234,1
DA:236,2
DA:247,1
DA:248,1
DA:249,1
DA:251,2
DA:252,1
DA:253,2
DA:254,2
DA:255,2
DA:256,1
DA:258,2
DA:260,2
DA:262,2
DA:263,2
DA:264,3
DA:265,1
DA:266,4
DA:272,4
DA:273,2
DA:275,1
DA:278,1
DA:280,1
DA:284,1
DA:285,1
DA:286,1
DA:292,1
DA:293,1
DA:295,1
DA:296,2
DA:297,2
DA:298,2
DA:300,1
DA:302,1
DA:309,1
DA:310,1
DA:318,1
DA:320,1
DA:322,1
DA:323,1
DA:326,2
DA:328,1
DA:331,2
DA:343,1
DA:346,1
DA:347,1
DA:348,1
DA:362,1
DA:364,1
DA:365,1
DA:389,1
DA:391,1
DA:392,1
DA:395,1
DA:397,2
DA:398,2
DA:399,2
DA:400,1
DA:403,3
DA:405,1
DA:407,2
DA:408,0
DA:409,3
DA:410,3
DA:411,2
DA:414,1
DA:416,2
DA:419,1
DA:420,2
DA:421,1
DA:422,1
DA:426,1
DA:428,2
DA:429,1
DA:430,1
DA:431,2
DA:432,1
DA:433,1
DA:434,1
DA:437,2
DA:438,2
DA:441,1
DA:442,2
DA:443,1
DA:449,1
DA:450,1
DA:452,2
DA:453,1
DA:454,1
DA:455,1
DA:456,1
DA:457,2
DA:458,2
DA:459,1
DA:463,1
DA:464,2
DA:465,1
DA:466,1
DA:470,1
DA:471,2
DA:475,1
DA:476,2
DA:477,1
DA:480,1
DA:481,2
DA:482,1
DA:488,0
DA:489,0
DA:490,0
DA:492,0
DA:493,0
DA:495,0
DA:496,0
DA:500,0
DA:501,0
DA:502,0
DA:503,0
DA:504,0
DA:505,0
DA:510,1
DA:513,2
DA:514,5
DA:515,0
DA:518,2
DA:519,1
DA:520,3
DA:521,1
DA:522,1
DA:523,2
DA:524,2
DA:525,1
DA:528,1
DA:531,1
DA:532,3
DA:534,1
DA:535,0
DA:539,1
DA:540,0
DA:544,4
DA:546,3
DA:547,1
DA:549,1
DA:554,1
DA:555,3
DA:556,3
DA:559,0
DA:562,0
DA:563,0
DA:571,2
DA:572,1
DA:573,1
DA:577,1
DA:578,2
DA:579,1
DA:585,1
DA:586,3
DA:588,2
DA:589,2
DA:592,1
DA:593,2
DA:594,1
DA:600,1
DA:602,1
DA:604,1
DA:609,1
DA:611,1
DA:612,1
DA:613,1
DA:614,1
DA:616,1
DA:617,1
DA:618,1
DA:621,1
DA:622,1
DA:623,2
DA:624,3
DA:625,3
DA:628,1
DA:629,1
DA:631,2
DA:632,1
DA:633,1
DA:634,2
DA:635,1
DA:636,1
DA:638,1
DA:640,1
DA:642,2
DA:644,2
DA:645,1
DA:646,1
DA:650,1
DA:651,1
DA:652,2
DA:653,3
DA:655,3
DA:658,1
DA:659,2
DA:660,1
DA:663,1
DA:670,1
DA:671,1
DA:673,1
DA:674,2
DA:678,1
DA:679,1
DA:680,1
DA:683,1
DA:684,2
DA:686,1
DA:690,1
DA:691,0
DA:702,1
DA:703,1
DA:705,1
DA:707,1
DA:708,4
DA:716,1
DA:717,1
DA:718,1
DA:722,1
DA:723,1
DA:725,1
DA:726,1
DA:730,0
DA:732,0
DA:736,1
DA:737,1
DA:739,1
DA:741,1
DA:742,4
DA:750,1
DA:751,1
DA:752,1
DA:758,1
DA:759,1
DA:760,1
DA:761,1
DA:762,1
DA:768,1
DA:769,1
DA:771,1
DA:773,1
DA:774,4
DA:782,1
DA:783,1
DA:794,2
DA:796,1
DA:797,1
DA:806,1
DA:807,1
DA:808,4
DA:811,1
DA:812,2
DA:813,1
DA:830,1
DA:835,1
DA:836,1
DA:848,3
DA:850,1
DA:852,1
DA:854,7
DA:855,7
DA:857,4
DA:858,1
DA:859,1
DA:862,3
DA:863,3
DA:864,2
DA:865,3
DA:869,1
DA:871,2
DA:872,2
DA:873,2
DA:874,1
DA:877,0
DA:878,0
DA:879,0
DA:881,0
DA:882,0
DA:884,0
DA:885,0
DA:890,0
DA:891,0
DA:892,0
DA:894,0
DA:895,0
DA:896,0
DA:900,1
DA:901,3
DA:902,1
DA:904,4
DA:905,1
DA:907,4
DA:908,4
DA:910,3
DA:913,1
DA:915,2
DA:918,1
DA:921,1
DA:922,3
DA:924,0
DA:925,0
DA:926,0
DA:927,0
DA:929,0
DA:930,0
DA:931,0
DA:932,0
DA:939,1
DA:940,3
DA:945,1
DA:947,4
DA:949,1
DA:950,2
DA:951,1
DA:953,1
DA:954,1
DA:955,1
DA:956,1
DA:958,1
DA:959,1
DA:960,1
DA:963,1
DA:964,2
DA:966,1
DA:971,1
DA:972,1
DA:975,1
DA:976,2
DA:978,1
DA:983,1
DA:984,1
DA:990,1
DA:991,1
DA:992,2
DA:999,1
DA:1000,1
DA:1001,1
DA:1004,1
DA:1005,2
DA:1006,1
LF:442
LH:394
end_of_record
SF:lib\trgovina.dart
DA:9,2
DA:16,2
DA:17,2
DA:28,2
DA:30,2
DA:31,2
DA:34,2
DA:35,4
DA:36,2
DA:37,2
DA:42,10
DA:44,2
DA:45,2
DA:48,3
DA:49,0
DA:50,3
DA:53,1
DA:54,2
DA:55,1
DA:56,1
DA:57,1
DA:60,2
DA:61,4
DA:62,4
DA:63,2
DA:68,1
DA:69,1
DA:70,0
DA:71,0
DA:74,1
DA:75,1
DA:77,3
DA:80,1
DA:81,1
DA:85,3
DA:87,1
DA:88,3
DA:89,3
DA:90,2
DA:91,1
DA:94,1
DA:95,1
DA:96,1
DA:97,2
DA:99,1
DA:100,1
DA:101,1
DA:102,0
DA:110,1
DA:111,1
DA:113,1
DA:114,1
DA:116,1
DA:117,1
DA:118,1
DA:119,1
DA:121,1
DA:122,1
DA:125,1
DA:126,2
DA:130,1
DA:131,0
DA:132,0
DA:135,0
DA:136,0
DA:139,0
DA:145,2
DA:150,1
DA:151,1
DA:152,3
DA:155,1
DA:156,3
DA:167,1
DA:168,1
DA:170,2
DA:171,2
DA:172,2
DA:173,2
DA:175,3
DA:176,2
DA:177,1
DA:181,1
DA:184,2
DA:185,2
DA:187,3
DA:189,1
DA:190,1
DA:197,1
DA:198,1
DA:200,1
DA:201,2
DA:203,1
DA:204,2
DA:205,2
DA:211,1
DA:212,1
DA:214,2
DA:215,2
DA:216,2
DA:218,1
DA:219,1
DA:223,2
DA:224,1
DA:225,1
DA:227,2
DA:235,2
DA:236,2
DA:239,2
DA:241,1
DA:243,1
DA:247,1
DA:248,1
DA:250,1
DA:251,2
DA:253,1
DA:254,2
DA:255,2
DA:261,1
DA:262,1
DA:264,2
DA:265,2
DA:267,1
DA:268,1
DA:273,1
DA:274,1
DA:275,2
DA:277,2
DA:278,1
DA:279,1
DA:280,4
DA:283,1
DA:284,4
DA:291,1
DA:293,2
DA:294,2
DA:297,2
DA:299,1
DA:301,1
DA:304,1
DA:305,1
DA:307,0
DA:308,0
DA:310,1
DA:311,2
DA:312,2
DA:318,2
DA:320,2
DA:324,2
DA:325,2
DA:326,2
DA:328,2
DA:330,2
DA:333,2
DA:334,2
DA:339,2
DA:340,2
DA:349,1
DA:350,1
DA:351,1
DA:353,1
DA:360,1
DA:364,1
DA:366,1
DA:368,1
DA:371,1
DA:376,1
DA:378,2
DA:389,1
DA:390,1
DA:391,1
DA:393,2
DA:394,1
DA:395,2
DA:396,2
DA:397,2
DA:399,2
DA:401,2
DA:403,2
DA:404,2
DA:406,1
DA:407,1
DA:414,1
DA:416,1
DA:418,1
DA:420,2
DA:422,1
DA:423,1
DA:425,1
DA:426,2
DA:427,2
DA:432,1
DA:434,1
DA:435,1
DA:438,2
DA:440,1
DA:443,2
DA:453,1
DA:456,1
DA:457,1
DA:458,1
DA:473,1
DA:478,1
DA:479,1
DA:486,1
DA:488,1
DA:489,2
DA:490,3
DA:494,1
DA:496,2
DA:497,1
DA:500,1
DA:501,4
DA:502,1
DA:503,2
DA:504,1
DA:508,3
DA:511,1
DA:513,1
DA:515,1
DA:516,1
DA:519,1
DA:520,4
DA:522,1
DA:523,1
DA:530,2
DA:532,1
DA:533,1
DA:540,1
DA:541,1
DA:542,0
DA:545,1
DA:546,1
DA:557,1
DA:559,1
DA:560,1
DA:578,1
DA:580,1
DA:581,1
DA:584,1
DA:586,2
DA:587,1
DA:590,1
DA:591,2
DA:592,1
DA:593,1
DA:597,1
DA:598,1
DA:600,2
DA:601,1
DA:602,1
DA:605,1
DA:606,2
DA:607,2
DA:608,1
DA:613,1
DA:614,1
DA:616,1
DA:617,2
DA:618,1
DA:619,1
DA:620,1
DA:624,1
DA:627,2
DA:628,5
DA:629,0
DA:632,2
DA:633,1
DA:634,3
DA:638,1
DA:639,3
DA:641,1
DA:642,0
DA:646,1
DA:647,0
DA:651,4
DA:653,2
DA:654,1
DA:655,1
DA:659,1
DA:660,2
DA:661,1
DA:665,1
DA:666,3
DA:668,1
DA:669,4
DA:671,1
DA:672,3
DA:677,1
DA:679,1
DA:681,1
DA:686,1
DA:688,1
DA:689,1
DA:690,1
DA:691,1
DA:693,1
DA:694,1
DA:695,1
DA:698,1
DA:699,1
DA:700,2
DA:701,3
DA:702,3
DA:705,1
DA:706,1
DA:708,2
DA:709,1
DA:710,2
DA:711,1
DA:712,1
DA:714,1
DA:716,1
DA:718,2
DA:720,1
DA:721,1
DA:724,1
DA:725,1
DA:726,2
DA:727,3
DA:728,3
DA:731,1
DA:732,2
DA:733,1
DA:736,1
DA:737,1
DA:739,1
DA:740,2
DA:742,1
DA:743,2
DA:745,1
DA:751,2
DA:753,1
DA:754,1
DA:763,1
DA:764,1
DA:765,4
DA:768,1
DA:769,2
DA:770,1
LF:339
LH:324
end_of_record
SF:lib\profile.dart
DA:7,9
DA:9,1
DA:10,1
DA:19,1
DA:21,1
DA:22,1
DA:25,1
DA:26,7
DA:27,7
DA:28,1
DA:29,1
DA:32,1
DA:33,1
DA:34,1
DA:35,1
DA:37,2
DA:38,1
DA:40,3
DA:41,3
DA:45,1
DA:46,2
DA:47,1
DA:51,1
DA:52,1
DA:53,1
DA:54,1
DA:56,1
DA:57,4
DA:60,1
DA:61,1
DA:62,1
DA:64,2
DA:67,1
DA:68,1
DA:69,2
DA:72,1
DA:73,2
DA:83,1
DA:85,1
DA:86,1
DA:88,2
DA:89,1
DA:92,1
DA:93,1
DA:95,1
DA:96,4
DA:101,1
DA:103,1
DA:104,1
DA:105,3
DA:108,1
DA:109,1
DA:110,1
DA:112,1
DA:119,1
DA:121,1
DA:123,1
DA:124,1
DA:126,1
DA:131,1
DA:133,1
DA:134,1
DA:136,3
DA:137,1
DA:138,1
DA:146,1
DA:147,1
DA:155,1
DA:156,1
DA:164,1
DA:165,1
DA:175,1
DA:177,1
DA:178,1
DA:184,1
DA:186,1
DA:187,1
DA:188,1
LF:78
LH:78
end_of_record
SF:lib\recepti.dart
DA:21,9
DA:28,2
DA:29,2
DA:42,2
DA:44,2
DA:45,2
DA:48,2
DA:49,6
DA:51,4
DA:53,3
DA:54,3
DA:55,3
DA:56,2
DA:57,1
DA:61,2
DA:62,10
DA:63,2
DA:64,3
DA:68,3
DA:70,1
DA:71,3
DA:72,2
DA:76,1
DA:77,2
DA:78,1
DA:81,2
DA:82,4
DA:83,2
DA:84,2
DA:88,2
DA:89,6
DA:91,2
DA:93,3
DA:97,2
DA:99,4
DA:100,2
DA:101,2
DA:102,2
DA:103,2
DA:106,1
DA:107,2
DA:108,2
DA:109,1
DA:115,1
DA:116,1
DA:117,0
DA:121,1
DA:122,1
DA:124,2
DA:127,1
DA:128,1
DA:129,1
DA:140,1
DA:141,1
DA:145,1
DA:146,1
DA:148,2
DA:149,2
DA:150,2
DA:153,1
DA:155,0
DA:159,2
DA:160,2
DA:161,1
DA:166,1
DA:168,1
DA:169,1
DA:171,2
DA:174,2
DA:175,2
DA:176,2
DA:177,2
DA:179,1
DA:180,1
DA:182,1
DA:193,1
DA:194,1
DA:197,0
DA:198,0
DA:202,1
DA:203,1
DA:205,2
DA:206,1
DA:208,2
DA:210,1
DA:211,1
DA:212,2
DA:214,2
DA:215,1
DA:216,1
DA:217,4
DA:220,1
DA:221,1
DA:222,4
DA:229,1
DA:232,1
DA:234,1
DA:236,0
DA:237,0
DA:239,1
DA:240,2
DA:244,1
DA:245,1
DA:246,1
DA:247,2
DA:249,1
DA:250,1
DA:251,1
DA:252,0
DA:260,0
DA:261,0
DA:262,0
DA:263,0
DA:265,0
DA:270,0
DA:271,0
DA:275,2
DA:277,2
DA:278,2
DA:282,2
DA:283,1
DA:284,1
DA:286,1
DA:288,1
DA:291,1
DA:292,1
DA:297,1
DA:298,1
DA:307,2
DA:308,2
DA:309,2
DA:311,2
DA:319,2
DA:323,2
DA:325,2
DA:327,2
DA:328,2
DA:330,2
DA:333,2
DA:337,2
DA:338,1
DA:339,2
DA:340,1
DA:343,2
DA:346,4
DA:348,1
DA:350,1
DA:351,2
DA:352,1
DA:357,2
DA:358,2
DA:359,2
DA:368,2
DA:370,2
DA:381,1
DA:382,1
DA:383,1
DA:385,1
DA:386,1
DA:387,1
DA:388,2
DA:389,2
DA:390,2
DA:391,2
DA:392,2
DA:394,3
DA:395,2
DA:397,1
DA:398,1
DA:399,1
DA:401,1
DA:407,1
DA:410,2
DA:411,1
DA:413,1
DA:415,1
DA:417,1
DA:420,2
DA:423,1
DA:426,2
DA:428,1
DA:431,1
DA:438,2
DA:441,2
DA:442,2
DA:444,3
DA:465,2
DA:474,1
DA:475,1
DA:486,3
DA:488,1
DA:489,0
DA:490,2
DA:493,1
DA:494,2
DA:495,1
DA:498,1
DA:499,3
DA:500,5
DA:503,1
DA:505,1
DA:506,1
DA:509,1
DA:510,2
DA:511,1
DA:512,1
DA:516,5
DA:517,0
DA:519,0
DA:522,5
DA:523,0
DA:525,1
DA:526,2
DA:527,3
DA:528,2
DA:529,2
DA:531,0
DA:532,0
DA:533,0
DA:537,1
DA:538,2
DA:539,1
DA:540,1
DA:541,1
DA:542,1
DA:545,1
DA:546,2
DA:547,2
DA:548,1
DA:554,0
DA:555,0
DA:557,0
DA:558,0
DA:560,0
DA:561,0
DA:563,0
DA:566,0
DA:567,0
DA:568,0
DA:569,0
DA:570,0
DA:571,0
DA:572,0
DA:574,0
DA:585,0
DA:586,0
DA:587,0
DA:588,0
DA:592,0
DA:593,0
DA:595,0
DA:596,0
DA:598,0
DA:600,0
DA:601,0
DA:602,0
DA:604,0
DA:605,0
DA:606,0
DA:607,0
DA:610,0
DA:611,0
DA:612,0
DA:619,0
DA:622,0
DA:624,0
DA:626,0
DA:627,0
DA:629,0
DA:630,0
DA:631,0
DA:632,0
DA:634,0
DA:635,0
DA:636,0
DA:637,0
DA:646,1
DA:648,1
DA:649,1
DA:650,3
DA:652,1
DA:653,1
DA:654,1
DA:657,1
DA:659,1
DA:660,1
DA:663,1
DA:667,1
DA:669,1
DA:670,1
DA:671,1
DA:673,1
DA:675,1
DA:679,1
DA:680,1
DA:685,1
DA:686,1
DA:693,1
DA:694,1
DA:695,1
DA:697,1
DA:704,1
DA:706,1
DA:707,1
DA:708,1
DA:710,1
DA:712,1
DA:713,1
DA:714,3
DA:721,5
DA:723,1
DA:724,4
DA:727,1
DA:728,4
DA:736,4
DA:751,2
DA:752,1
DA:760,3
DA:761,2
DA:762,2
DA:764,2
DA:766,1
DA:767,1
DA:768,1
DA:769,1
DA:770,1
DA:772,1
DA:778,1
DA:779,3
DA:789,2
DA:790,0
DA:800,3
DA:801,2
DA:802,2
DA:803,2
DA:804,2
DA:805,2
DA:807,2
DA:809,1
DA:810,1
DA:811,1
DA:813,1
DA:817,1
DA:818,1
DA:849,1
DA:860,1
DA:861,1
DA:881,3
DA:883,1
DA:884,2
DA:885,1
DA:888,1
DA:890,1
DA:891,4
DA:892,4
DA:893,2
DA:895,5
DA:897,3
DA:899,3
DA:900,1
DA:901,2
DA:902,2
DA:903,2
DA:904,2
DA:905,2
DA:908,2
DA:909,4
DA:910,1
DA:912,1
DA:915,1
DA:916,2
DA:917,1
DA:918,1
DA:922,1
DA:923,1
DA:924,2
DA:925,1
DA:928,0
DA:929,0
DA:930,0
DA:933,1
DA:934,2
DA:935,1
DA:941,1
DA:943,2
DA:944,2
DA:945,2
DA:946,2
DA:947,1
DA:950,1
DA:951,1
DA:953,1
DA:955,2
DA:956,2
DA:957,1
DA:959,2
DA:960,2
DA:961,2
DA:963,1
DA:964,1
DA:965,1
DA:968,1
DA:969,1
DA:978,1
DA:981,2
DA:982,1
DA:983,1
DA:985,1
DA:987,1
DA:997,1
DA:998,1
DA:999,4
DA:1002,3
DA:1005,1
DA:1006,0
DA:1010,2
DA:1011,4
DA:1012,0
DA:1014,1
DA:1015,0
DA:1019,2
DA:1020,2
DA:1023,2
DA:1025,2
DA:1026,1
DA:1028,1
DA:1029,0
DA:1030,0
DA:1032,3
DA:1040,1
DA:1041,2
DA:1045,0
DA:1046,0
DA:1047,0
DA:1051,1
DA:1052,3
DA:1053,2
DA:1054,2
DA:1055,0
DA:1059,3
DA:1060,3
DA:1061,4
DA:1063,2
DA:1064,1
DA:1065,1
DA:1069,5
DA:1070,1
DA:1071,3
DA:1073,1
DA:1074,2
DA:1075,2
DA:1078,1
DA:1079,2
DA:1080,1
DA:1086,1
DA:1088,1
DA:1089,3
DA:1090,1
DA:1092,1
DA:1093,1
DA:1094,1
DA:1095,1
DA:1097,1
DA:1098,1
DA:1099,1
DA:1101,1
DA:1102,1
DA:1103,1
DA:1108,1
DA:1111,1
DA:1112,0
DA:1113,0
DA:1114,0
DA:1119,1
DA:1120,1
DA:1125,1
DA:1126,2
DA:1128,1
DA:1133,1
DA:1134,1
DA:1148,1
DA:1149,1
DA:1153,1
DA:1154,1
DA:1155,1
DA:1158,1
DA:1159,1
DA:1160,1
DA:1161,2
DA:1162,1
DA:1167,1
DA:1168,1
DA:1175,1
DA:1177,1
DA:1178,1
DA:1184,1
DA:1185,2
DA:1186,1
DA:1194,1
DA:1195,4
DA:1196,2
DA:1197,2
DA:1198,2
DA:1199,2
DA:1201,1
DA:1203,1
DA:1204,1
DA:1205,1
DA:1206,2
DA:1208,1
DA:1210,0
DA:1216,2
DA:1218,1
DA:1219,1
DA:1228,1
DA:1229,1
DA:1230,1
DA:1233,1
DA:1234,2
DA:1235,1
DA:1241,3
LF:521
LH:436
end_of_record
SF:lib\test_seams.dart
DA:24,33
DA:26,1
DA:27,1
DA:29,2
DA:30,2
DA:32,1
DA:34,1
DA:36,1
DA:38,1
DA:40,1
DA:42,1
DA:44,1
DA:45,1
DA:47,1
DA:53,1
DA:65,33
DA:67,2
DA:69,2
DA:70,2
DA:71,2
DA:72,2
DA:73,2
LF:22
LH:22
end_of_record
