SF:lib\heuristika.dart
DA:24,1
DA:48,1
DA:52,2
DA:53,2
DA:56,4
DA:59,2
DA:60,2
DA:62,2
DA:63,1
DA:65,1
DA:67,1
DA:71,2
DA:72,2
DA:73,2
DA:74,1
DA:75,2
DA:78,1
DA:80,2
DA:81,3
DA:84,1
DA:87,1
DA:93,1
DA:94,2
DA:95,1
DA:96,1
DA:99,1
DA:101,5
DA:102,5
DA:105,1
DA:106,1
DA:107,4
DA:108,1
DA:113,1
DA:118,1
DA:119,1
DA:120,1
DA:123,1
DA:124,1
DA:125,1
DA:128,1
DA:129,1
DA:130,0
LF:42
LH:41
end_of_record
SF:lib\sql_connection.dart
DA:17,8
DA:18,24
DA:20,1
DA:21,1
DA:22,1
DA:34,1
DA:35,1
DA:36,2
DA:38,2
DA:40,1
DA:42,1
DA:46,1
DA:47,2
DA:55,1
DA:56,1
DA:59,1
DA:60,1
DA:61,1
DA:65,1
DA:66,1
DA:67,2
DA:70,1
DA:71,1
DA:72,2
DA:75,1
DA:85,1
DA:91,1
DA:92,1
DA:93,1
LF:29
LH:29
end_of_record
SF:lib\authscreen.dart
DA:7,9
DA:9,2
DA:10,2
DA:30,2
DA:32,4
DA:33,4
DA:34,4
DA:35,4
DA:36,4
DA:37,4
DA:38,4
DA:39,2
DA:42,1
DA:43,2
DA:44,1
DA:49,1
DA:50,1
DA:53,1
DA:54,2
DA:60,1
DA:61,1
DA:65,2
DA:68,2
DA:71,2
DA:74,2
DA:81,0
DA:82,0
DA:83,0
DA:87,1
DA:88,1
DA:89,1
DA:91,1
DA:92,1
DA:93,1
DA:101,1
DA:105,1
DA:106,1
DA:107,0
DA:119,1
DA:120,3
DA:121,3
DA:123,3
DA:124,2
DA:126,1
DA:129,1
DA:133,1
DA:136,1
DA:140,1
DA:141,1
DA:142,2
DA:144,1
DA:145,2
DA:146,2
DA:150,1
DA:151,3
DA:152,3
DA:154,3
DA:155,3
DA:156,3
DA:157,2
DA:159,1
DA:162,1
DA:163,0
DA:167,1
DA:174,1
DA:175,1
DA:176,2
DA:178,1
DA:179,2
DA:180,2
DA:184,2
DA:186,2
DA:188,2
DA:189,2
DA:190,6
DA:199,2
DA:200,2
DA:201,2
DA:203,2
DA:210,2
DA:211,2
DA:212,2
DA:213,2
DA:222,2
DA:223,2
DA:224,2
DA:226,2
DA:227,2
DA:228,2
DA:229,2
DA:230,2
DA:231,2
DA:237,2
DA:240,2
DA:241,2
DA:242,2
DA:243,2
DA:246,2
DA:247,2
DA:248,2
DA:252,0
DA:253,0
DA:254,0
DA:259,2
DA:262,2
DA:264,2
DA:265,2
DA:276,2
DA:277,2
DA:278,2
DA:280,2
DA:281,2
DA:282,2
DA:283,2
DA:284,2
DA:285,2
DA:290,2
DA:293,2
DA:294,2
DA:299,2
DA:303,2
DA:304,2
DA:310,2
DA:313,2
DA:314,2
DA:315,2
DA:316,2
DA:319,2
DA:320,2
DA:321,2
DA:325,0
DA:326,0
DA:327,0
DA:332,2
DA:335,2
DA:336,2
DA:337,2
DA:338,2
DA:341,2
DA:342,2
DA:343,2
DA:347,0
DA:348,0
DA:349,0
DA:350,0
DA:355,1
DA:356,1
DA:358,3
DA:365,2
DA:367,2
DA:368,2
LF:151
LH:136
end_of_record
SF:lib\dbqueries.dart
DA:15,21
DA:18,7
DA:19,5
DA:21,21
DA:23,15
DA:25,7
DA:33,7
DA:34,14
DA:35,14
DA:39,8
DA:41,1
DA:42,1
DA:43,2
DA:47,2
DA:48,4
DA:49,2
DA:51,2
DA:55,2
DA:57,2
DA:59,2
DA:60,2
DA:61,4
DA:62,4
DA:63,4
DA:64,4
DA:70,1
DA:71,1
DA:76,1
DA:80,1
DA:83,2
DA:84,1
DA:85,2
DA:86,1
DA:90,1
DA:96,2
DA:97,2
DA:98,3
DA:99,1
DA:101,1
DA:104,1
DA:108,1
DA:109,3
DA:111,1
DA:114,1
DA:118,0
DA:122,0
DA:123,0
DA:125,0
DA:129,0
DA:133,1
DA:134,3
DA:136,1
DA:140,1
DA:142,1
DA:143,2
DA:144,2
DA:145,2
DA:149,1
DA:150,1
DA:169,1
DA:171,4
DA:175,2
DA:176,2
DA:182,8
DA:186,2
DA:187,2
DA:197,2
DA:199,8
DA:203,1
DA:210,1
DA:211,0
DA:213,1
DA:214,0
DA:217,3
DA:218,3
DA:219,3
DA:220,1
DA:222,1
DA:243,1
DA:247,1
DA:251,1
DA:262,1
DA:264,1
DA:265,2
DA:269,1
DA:276,1
DA:277,0
DA:279,1
DA:280,0
DA:283,3
DA:284,3
DA:285,3
DA:286,1
DA:288,1
DA:296,1
DA:299,1
DA:303,1
DA:307,1
DA:311,1
DA:314,1
DA:331,1
DA:333,4
DA:337,1
DA:342,1
DA:343,0
DA:346,1
DA:349,1
DA:353,1
DA:357,2
DA:358,1
DA:362,1
DA:367,1
DA:372,1
DA:373,0
DA:375,2
DA:376,1
DA:381,1
DA:385,1
DA:392,1
DA:393,0
DA:396,3
DA:397,3
DA:398,3
DA:399,1
DA:401,2
DA:402,1
DA:441,1
DA:445,2
DA:446,2
DA:461,6
DA:465,1
DA:472,2
DA:473,2
DA:475,1
DA:476,0
DA:478,1
DA:479,0
DA:481,1
DA:482,0
DA:485,1
DA:486,2
DA:487,3
DA:488,3
DA:490,1
DA:491,0
DA:493,1
DA:494,0
DA:497,1
DA:500,1
DA:503,1
DA:512,1
DA:522,1
DA:524,1
DA:525,0
DA:528,4
DA:529,1
DA:530,0
DA:537,1
DA:545,2
DA:546,2
DA:548,1
DA:549,0
DA:551,1
DA:552,0
DA:554,1
DA:555,0
DA:558,1
DA:559,2
DA:560,3
DA:561,3
DA:563,1
DA:564,0
DA:566,1
DA:567,0
DA:570,1
DA:573,1
DA:576,1
DA:594,1
DA:603,1
DA:608,1
DA:612,1
DA:640,1
DA:644,1
DA:645,1
DA:660,1
DA:662,1
DA:663,2
DA:667,1
DA:668,1
DA:682,4
DA:687,1
DA:690,1
DA:703,1
DA:705,4
DA:709,1
DA:710,1
DA:722,1
DA:724,1
DA:725,2
DA:726,3
DA:727,3
DA:728,1
DA:729,2
DA:736,0
DA:740,0
DA:757,0
DA:759,0
DA:762,1
DA:763,4
DA:764,3
DA:765,3
DA:766,3
DA:767,1
DA:771,1
DA:772,1
DA:778,4
DA:783,1
DA:788,1
DA:789,1
DA:791,1
DA:810,1
DA:812,4
DA:816,0
DA:822,0
DA:824,0
DA:847,0
DA:852,0
DA:856,0
DA:918,0
DA:922,0
DA:926,0
DA:930,0
DA:933,0
DA:937,0
DA:965,0
DA:967,0
DA:972,0
DA:975,0
DA:1029,0
DA:1031,0
LF:240
LH:194
end_of_record
SF:lib\ml_scoring.dart
DA:12,3
DA:13,6
DA:14,3
DA:16,8
DA:17,6
DA:18,3
DA:19,6
DA:20,6
DA:23,1
DA:24,1
DA:25,4
DA:26,2
DA:27,2
DA:28,5
DA:29,4
DA:30,4
DA:32,4
DA:35,1
DA:37,2
DA:38,4
LF:20
LH:20
end_of_record
SF:lib\home.dart
DA:4,1
DA:6,1
DA:7,1
DA:9,1
DA:11,1
DA:13,1
DA:14,1
DA:16,1
DA:23,1
DA:25,1
DA:27,1
DA:28,1
DA:30,1
DA:34,1
LF:14
LH:14
end_of_record
SF:lib\main.dart
DA:15,0
DA:16,0
DA:20,0
DA:21,0
DA:23,0
DA:26,0
DA:30,9
DA:32,1
DA:34,1
DA:36,1
DA:37,1
DA:43,1
DA:45,0
DA:56,9
DA:58,1
DA:59,1
DA:65,1
DA:67,1
DA:68,2
DA:72,1
DA:73,1
DA:74,1
DA:77,1
DA:79,1
DA:80,1
DA:81,1
DA:83,2
DA:89,2
DA:101,9
DA:105,1
DA:106,1
DA:114,1
DA:115,2
DA:116,1
DA:120,1
DA:123,1
DA:124,1
DA:125,1
DA:127,1
DA:130,1
DA:131,1
DA:133,1
DA:136,1
DA:141,0
DA:145,1
DA:146,1
DA:147,3
DA:148,3
DA:149,1
DA:151,1
DA:153,0
DA:154,0
DA:156,0
DA:164,1
DA:190,1
DA:195,1
LF:56
LH:45
end_of_record
SF:lib\plan_prehrane.dart
DA:11,9
DA:18,2
DA:19,2
DA:36,2
DA:37,2
DA:38,8
DA:41,4
DA:42,2
DA:43,4
DA:44,4
DA:47,2
DA:49,2
DA:50,2
DA:53,2
DA:55,4
DA:56,0
DA:58,2
DA:60,2
DA:63,1
DA:64,1
DA:65,3
DA:66,2
DA:70,0
DA:71,0
DA:72,0
DA:76,0
DA:78,0
DA:81,0
DA:82,0
DA:84,0
DA:85,0
DA:86,0
DA:87,0
DA:88,0
DA:89,0
DA:91,0
DA:93,0
DA:94,0
DA:100,0
DA:101,0
DA:102,0
DA:103,0
DA:105,0
DA:107,0
DA:108,0
DA:109,0
DA:112,0
DA:113,0
DA:121,0
DA:122,0
DA:124,0
DA:126,0
DA:133,0
DA:134,0
DA:138,0
DA:143,0
DA:145,0
DA:147,0
DA:149,0
DA:154,0
DA:162,0
DA:163,0
DA:171,0
DA:174,0
DA:175,0
DA:176,0
DA:177,0
DA:179,0
DA:180,0
DA:181,0
DA:182,0
DA:184,0
DA:186,0
DA:187,0
DA:189,0
DA:191,0
DA:194,0
DA:196,0
DA:204,0
DA:205,0
DA:213,0
DA:216,0
DA:217,0
DA:218,0
DA:219,0
DA:221,0
DA:222,0
DA:223,0
DA:224,0
DA:226,0
DA:231,0
DA:232,0
DA:238,0
DA:239,0
DA:240,0
DA:241,0
DA:243,0
DA:245,0
DA:246,0
DA:251,0
DA:252,0
DA:253,0
DA:256,0
DA:257,0
DA:259,0
DA:270,0
DA:273,0
DA:274,0
DA:279,0
DA:281,0
DA:286,2
DA:288,6
DA:290,6
DA:292,2
DA:293,1
DA:296,3
DA:298,0
DA:301,3
DA:302,3
DA:304,2
DA:305,2
DA:307,3
DA:310,1
DA:311,2
DA:312,1
DA:313,1
DA:314,1
DA:315,1
DA:318,1
DA:319,2
DA:321,2
DA:322,6
DA:327,0
DA:328,0
DA:330,2
DA:331,16
DA:333,2
DA:334,2
DA:335,2
DA:339,1
DA:340,9
DA:342,1
DA:346,2
DA:347,1
DA:348,2
DA:351,3
DA:354,2
DA:361,0
DA:362,0
DA:364,0
DA:365,0
DA:369,0
DA:370,0
DA:371,0
DA:372,0
DA:373,0
DA:374,0
DA:375,0
DA:377,0
DA:378,0
DA:381,0
DA:383,0
DA:384,0
DA:387,0
DA:389,0
DA:390,0
DA:391,0
DA:394,0
DA:396,0
DA:397,0
DA:398,0
DA:401,0
DA:402,0
DA:404,0
DA:405,0
DA:408,0
DA:409,0
DA:410,0
DA:411,0
DA:412,0
DA:413,0
DA:414,0
DA:415,0
DA:417,0
DA:419,0
DA:428,0
DA:429,0
DA:431,0
DA:434,0
DA:435,0
DA:436,0
DA:441,0
DA:442,0
DA:443,0
DA:446,0
DA:447,0
DA:454,0
DA:457,0
DA:459,0
DA:461,0
DA:463,0
DA:468,0
DA:472,0
DA:473,0
DA:474,0
DA:476,0
DA:478,0
DA:480,0
DA:481,0
DA:482,0
DA:488,0
DA:489,0
DA:490,0
DA:491,0
DA:493,0
DA:495,0
DA:496,0
DA:501,0
DA:502,0
DA:503,0
DA:506,0
DA:507,0
DA:515,0
DA:518,0
DA:519,0
DA:524,0
DA:526,0
DA:530,0
DA:531,0
DA:532,0
DA:533,0
DA:534,0
DA:535,0
DA:537,0
DA:538,0
DA:541,0
DA:543,0
DA:544,0
DA:546,0
DA:547,0
DA:548,0
DA:549,0
DA:550,0
DA:551,0
DA:552,0
DA:554,0
DA:555,0
DA:557,0
DA:558,0
DA:560,0
DA:564,0
DA:565,0
DA:566,0
DA:567,0
DA:568,0
DA:574,0
DA:575,0
DA:576,0
DA:584,0
DA:588,0
DA:589,0
DA:590,0
DA:594,0
DA:595,0
DA:597,0
DA:598,0
DA:599,0
DA:604,0
DA:605,0
DA:606,0
DA:609,0
DA:610,0
DA:617,0
DA:620,0
DA:622,0
DA:624,0
DA:625,0
DA:626,0
DA:630,0
DA:635,1
DA:636,1
DA:637,1
DA:638,2
DA:640,1
DA:641,1
DA:642,1
DA:643,0
DA:651,2
DA:653,6
DA:655,2
DA:656,2
DA:657,2
DA:659,2
DA:666,2
DA:670,2
DA:672,2
DA:674,2
DA:677,2
DA:682,2
DA:684,2
DA:686,2
DA:687,2
DA:688,2
DA:691,2
DA:692,2
DA:694,6
DA:697,2
DA:699,8
DA:700,2
DA:701,12
DA:702,4
DA:703,0
DA:708,5
DA:710,3
DA:711,2
DA:712,1
DA:714,2
DA:715,2
DA:716,2
DA:719,0
DA:721,1
DA:723,1
DA:726,1
DA:727,1
DA:728,1
DA:733,1
DA:735,1
DA:737,1
DA:738,1
DA:739,2
DA:740,1
DA:743,0
DA:747,1
DA:748,1
DA:751,1
DA:753,0
DA:754,1
DA:760,1
DA:762,1
DA:763,1
DA:766,1
DA:780,1
DA:781,2
DA:783,1
DA:784,0
DA:785,0
DA:791,1
DA:792,0
DA:798,1
DA:800,1
DA:802,1
DA:804,1
DA:805,1
DA:807,1
DA:809,0
DA:813,1
DA:817,0
DA:834,2
DA:837,2
DA:838,2
DA:839,2
LF:361
LH:127
end_of_record
SF:lib\zaliheKorisnika.dart
DA:9,9
DA:16,2
DA:17,2
DA:27,2
DA:29,2
DA:30,2
DA:33,2
DA:34,4
DA:35,2
DA:36,2
DA:40,10
DA:42,2
DA:43,2
DA:46,3
DA:48,0
DA:50,3
DA:53,1
DA:54,2
DA:55,1
DA:56,1
DA:57,1
DA:60,2
DA:61,4
DA:62,4
DA:63,2
DA:68,1
DA:69,1
DA:70,0
DA:71,0
DA:74,1
DA:75,1
DA:77,3
DA:80,1
DA:81,1
DA:85,1
DA:86,1
DA:88,1
DA:89,1
DA:91,2
DA:92,1
DA:97,1
DA:98,1
DA:102,1
DA:103,1
DA:105,2
DA:106,1
DA:108,2
DA:110,1
DA:111,1
DA:112,2
DA:115,2
DA:116,1
DA:117,1
DA:118,4
DA:121,1
DA:122,1
DA:123,4
DA:130,1
DA:133,1
DA:135,1
DA:137,1
DA:138,1
DA:140,1
DA:141,2
DA:145,1
DA:146,1
DA:147,1
DA:148,2
DA:150,1
DA:151,1
DA:152,1
DA:153,0
DA:161,3
DA:163,1
DA:165,1
DA:166,1
DA:168,3
DA:169,3
DA:170,2
DA:171,1
DA:174,2
DA:176,2
DA:180,2
DA:181,2
DA:182,2
DA:184,2
DA:186,2
DA:189,2
DA:190,2
DA:195,2
DA:196,2
DA:205,1
DA:206,1
DA:207,1
DA:209,1
DA:217,1
DA:221,1
DA:223,1
DA:225,1
DA:228,1
DA:234,1
DA:236,2
DA:247,1
DA:248,1
DA:249,1
DA:251,2
DA:252,1
DA:253,2
DA:254,2
DA:255,2
DA:256,1
DA:258,2
DA:260,2
DA:262,2
DA:263,2
DA:264,3
DA:265,1
DA:266,4
DA:272,4
DA:273,2
DA:275,1
DA:278,1
DA:280,1
DA:284,1
DA:285,1
DA:286,1
DA:292,1
DA:293,1
DA:295,1
DA:296,2
DA:297,2
DA:298,2
DA:300,1
DA:302,1
DA:309,1
DA:310,1
DA:318,1
DA:320,1
DA:322,1
DA:323,1
DA:326,2
DA:328,1
DA:331,2
DA:343,1
DA:346,1
DA:347,1
DA:348,1
DA:362,1
DA:364,1
DA:365,1
DA:389,1
DA:391,1
DA:392,1
DA:395,1
DA:397,2
DA:398,2
DA:399,2
DA:400,1
DA:403,3
DA:405,1
DA:407,2
DA:408,0
DA:409,3
DA:410,3
DA:411,2
DA:414,1
DA:416,2
DA:419,1
DA:420,2
DA:421,1
DA:422,1
DA:426,1
DA:428,2
DA:429,1
DA:430,1
DA:431,2
DA:432,1
DA:433,1
DA:434,1
DA:437,2
DA:438,2
DA:441,1
DA:442,2
DA:443,1
DA:449,1
DA:450,1
DA:452,2
DA:453,1
DA:454,1
DA:455,1
DA:456,1
DA:457,2
DA:458,2
DA:459,1
DA:463,1
DA:464,2
DA:465,1
DA:466,1
DA:470,1
DA:471,2
DA:475,1
DA:476,2
DA:477,1
DA:480,1
DA:481,2
DA:482,1
DA:488,0
DA:489,0
DA:490,0
DA:492,0
DA:493,0
DA:495,0
DA:496,0
DA:500,0
DA:501,0
DA:502,0
DA:503,0
DA:504,0
DA:505,0
DA:510,1
DA:513,2
DA:514,5
DA:515,0
DA:518,2
DA:519,1
DA:520,3
DA:521,1
DA:522,1
DA:523,2
DA:524,2
DA:525,1
DA:528,1
DA:531,1
DA:532,3
DA:534,1
DA:535,0
DA:539,1
DA:540,0
DA:544,4
DA:546,3
DA:547,1
DA:549,1
DA:554,1
DA:555,3
DA:556,3
DA:559,0
DA:562,0
DA:563,0
DA:571,2
DA:572,1
DA:573,1
DA:577,1
DA:578,2
DA:579,1
DA:585,1
DA:586,3
DA:588,2
DA:589,2
DA:592,1
DA:593,2
DA:594,1
DA:600,1
DA:602,1
DA:604,1
DA:609,1
DA:611,1
DA:612,1
DA:613,1
DA:614,1
DA:616,1
DA:617,1
DA:618,1
DA:621,1
DA:622,1
DA:623,2
DA:624,3
DA:625,3
DA:628,1
DA:629,1
DA:631,2
DA:632,1
DA:633,1
DA:634,2
DA:635,1
DA:636,1
DA:638,1
DA:640,1
DA:642,2
DA:644,2
DA:645,1
DA:646,1
DA:650,1
DA:651,1
DA:652,2
DA:653,3
DA:655,3
DA:658,1
DA:659,2
DA:660,1
DA:663,1
DA:670,1
DA:671,1
DA:673,1
DA:674,2
DA:678,1
DA:679,1
DA:680,1
DA:683,1
DA:684,2
DA:686,1
DA:690,1
DA:691,0
DA:702,1
DA:703,1
DA:705,1
DA:707,1
DA:708,4
DA:716,1
DA:717,1
DA:718,1
DA:722,1
DA:723,1
DA:725,1
DA:726,1
DA:730,0
DA:732,0
DA:736,1
DA:737,1
DA:739,1
DA:741,1
DA:742,4
DA:750,1
DA:751,1
DA:752,1
DA:758,1
DA:759,1
DA:760,1
DA:761,1
DA:762,1
DA:768,1
DA:769,1
DA:771,1
DA:773,1
DA:774,4
DA:782,1
DA:783,1
DA:794,2
DA:796,1
DA:797,1
DA:806,1
DA:807,1
DA:808,4
DA:811,1
DA:812,2
DA:813,1
DA:830,1
DA:835,1
DA:836,1
DA:848,3
DA:850,1
DA:852,1
DA:854,7
DA:855,7
DA:857,4
DA:858,1
DA:859,1
DA:862,3
DA:863,3
DA:864,2
DA:865,3
DA:869,1
DA:871,2
DA:872,2
DA:873,2
DA:874,1
DA:877,0
DA:878,0
DA:879,0
DA:881,0
DA:882,0
DA:884,0
DA:885,0
DA:890,0
DA:891,0
DA:892,0
DA:894,0
DA:895,0
DA:896,0
DA:900,1
DA:901,3
DA:902,1
DA:904,4
DA:905,1
DA:907,4
DA:908,4
DA:910,3
DA:913,1
DA:915,2
DA:918,1
DA:921,1
DA:922,3
DA:924,0
DA:925,0
DA:926,0
DA:927,0
DA:929,0
DA:930,0
DA:931,0
DA:932,0
DA:939,1
DA:940,3
DA:945,1
DA:947,4
DA:949,1
DA:950,2
DA:951,1
DA:953,1
DA:954,1
DA:955,1
DA:956,1
DA:958,1
DA:959,1
DA:960,1
DA:963,1
DA:964,2
DA:966,1
DA:971,1
DA:972,1
DA:975,1
DA:976,2
DA:978,1
DA:983,1
DA:984,1
DA:990,1
DA:991,1
DA:992,2
DA:999,1
DA:1000,1
DA:1001,1
DA:1004,1
DA:1005,2
DA:1006,1
LF:442
LH:394
end_of_record
SF:lib\trgovina.dart
DA:9,2
DA:16,2
DA:17,2
DA:28,2
DA:30,2
DA:31,2
DA:34,2
DA:35,4
DA:36,2
DA:37,2
DA:42,10
DA:44,2
DA:45,2
DA:48,3
DA:49,0
DA:50,3
DA:53,1
DA:54,2
DA:55,1
DA:56,1
DA:57,1
DA:60,2
DA:61,4
DA:62,4
DA:63,2
DA:68,1
DA:69,1
DA:70,0
DA:71,0
DA:74,1
DA:75,1
DA:77,3
DA:80,1
DA:81,1
DA:85,3
DA:87,1
DA:88,3
DA:89,3
DA:90,2
DA:91,1
DA:94,1
DA:95,1
DA:96,1
DA:97,2
DA:99,1
DA:100,1
DA:101,1
DA:102,0
DA:110,1
DA:111,1
DA:113,1
DA:114,1
DA:116,1
DA:117,1
DA:118,1
DA:119,1
DA:121,1
DA:122,1
DA:125,1
DA:126,2
DA:130,1
DA:131,0
DA:132,0
DA:135,0
DA:136,0
DA:139,0
DA:145,2
DA:150,1
DA:151,1
DA:152,3
DA:155,1
DA:156,3
DA:167,1
DA:168,1
DA:170,2
DA:171,2
DA:172,2
DA:173,2
DA:175,3
DA:176,2
DA:177,1
DA:181,1
DA:184,2
DA:185,2
DA:187,3
DA:189,1
DA:190,1
DA:197,1
DA:198,1
DA:200,1
DA:201,2
DA:203,1
DA:204,2
DA:205,2
DA:211,1
DA:212,1
DA:214,2
DA:215,2
DA:216,2
DA:218,1
DA:219,1
DA:223,2
DA:224,1
DA:225,1
DA:227,2
DA:235,2
DA:236,2
DA:239,2
DA:241,1
DA:243,1
DA:247,1
DA:248,1
DA:250,1
DA:251,2
DA:253,1
DA:254,2
DA:255,2
DA:261,1
DA:262,1
DA:264,2
DA:265,2
DA:267,1
DA:268,1
DA:273,1
DA:274,1
DA:275,2
DA:277,2
DA:278,1
DA:279,1
DA:280,4
DA:283,1
DA:284,4
DA:291,1
DA:293,2
DA:294,2
DA:297,2
DA:299,1
DA:301,1
DA:304,1
DA:305,1
DA:307,0
DA:308,0
DA:310,1
DA:311,2
DA:312,2
DA:318,2
DA:320,2
DA:324,2
DA:325,2
DA:326,2
DA:328,2
DA:330,2
DA:333,2
DA:334,2
DA:339,2
DA:340,2
DA:349,1
DA:350,1
DA:351,1
DA:353,1
DA:360,1
DA:364,1
DA:366,1
DA:368,1
DA:371,1
DA:376,1
DA:378,2
DA:389,1
DA:390,1
DA:391,1
DA:393,2
DA:394,1
DA:395,2
DA:396,2
DA:397,2
DA:399,2
DA:401,2
DA:403,2
DA:404,2
DA:406,1
DA:407,1
DA:414,1
DA:416,1
DA:418,1
DA:420,2
DA:422,1
DA:423,1
DA:425,1
DA:426,2
DA:427,2
DA:432,1
DA:434,1
DA:435,1
DA:438,2
DA:440,1
DA:443,2
DA:453,1
DA:456,1
DA:457,1
DA:458,1
DA:473,1
DA:478,1
DA:479,1
DA:486,1
DA:488,1
DA:489,2
DA:490,3
DA:494,1
DA:496,2
DA:497,1
DA:500,1
DA:501,4
DA:502,1
DA:503,2
DA:504,1
DA:508,3
DA:511,1
DA:513,1
DA:515,1
DA:516,1
DA:519,1
DA:520,4
DA:522,1
DA:523,1
DA:530,2
DA:532,1
DA:533,1
DA:540,1
DA:541,1
DA:542,0
DA:545,1
DA:546,1
DA:557,1
DA:559,1
DA:560,1
DA:578,1
DA:580,1
DA:581,1
DA:584,1
DA:586,2
DA:587,1
DA:590,1
DA:591,2
DA:592,1
DA:593,1
DA:597,1
DA:598,1
DA:600,2
DA:601,1
DA:602,1
DA:605,1
DA:606,2
DA:607,2
DA:608,1
DA:613,1
DA:614,1
DA:616,1
DA:617,2
DA:618,1
DA:619,1
DA:620,1
DA:624,1
DA:627,2
DA:628,5
DA:629,0
DA:632,2
DA:633,1
DA:634,3
DA:638,1
DA:639,3
DA:641,1
DA:642,0
DA:646,1
DA:647,0
DA:651,4
DA:653,2
DA:654,1
DA:655,1
DA:659,1
DA:660,2
DA:661,1
DA:665,1
DA:666,3
DA:668,1
DA:669,4
DA:671,1
DA:672,3
DA:677,1
DA:679,1
DA:681,1
DA:686,1
DA:688,1
DA:689,1
DA:690,1
DA:691,1
DA:693,1
DA:694,1
DA:695,1
DA:698,1
DA:699,1
DA:700,2
DA:701,3
DA:702,3
DA:705,1
DA:706,1
DA:708,2
DA:709,1
DA:710,2
DA:711,1
DA:712,1
DA:714,1
DA:716,1
DA:718,2
DA:720,1
DA:721,1
DA:724,1
DA:725,1
DA:726,2
DA:727,3
DA:728,3
DA:731,1
DA:732,2
DA:733,1
DA:736,1
DA:737,1
DA:739,1
DA:740,2
DA:742,1
DA:743,2
DA:745,1
DA:751,2
DA:753,1
DA:754,1
DA:763,1
DA:764,1
DA:765,4
DA:768,1
DA:769,2
DA:770,1
LF:339
LH:324
end_of_record
SF:lib\profile.dart
DA:7,9
DA:9,1
DA:10,1
DA:19,1
DA:21,1
DA:22,1
DA:25,1
DA:26,7
DA:27,7
DA:28,1
DA:29,1
DA:32,1
DA:33,1
DA:34,1
DA:35,1
DA:37,2
DA:38,1
DA:40,3
DA:41,3
DA:45,1
DA:46,2
DA:47,1
DA:51,1
DA:52,1
DA:53,1
DA:54,1
DA:56,1
DA:57,4
DA:60,1
DA:61,1
DA:62,1
DA:64,2
DA:67,1
DA:68,1
DA:69,2
DA:72,1
DA:73,2
DA:83,1
DA:85,1
DA:86,1
DA:88,2
DA:89,1
DA:92,1
DA:93,1
DA:95,1
DA:96,4
DA:101,1
DA:103,1
DA:104,1
DA:105,3
DA:108,1
DA:109,1
DA:110,1
DA:112,1
DA:119,1
DA:121,1
DA:123,1
DA:124,1
DA:126,1
DA:131,1
DA:133,1
DA:134,1
DA:136,3
DA:137,1
DA:138,1
DA:146,1
DA:147,1
DA:155,1
DA:156,1
DA:164,1
DA:165,1
DA:175,1
DA:177,1
DA:178,1
DA:184,1
DA:186,1
DA:187,1
DA:188,1
LF:78
LH:78
end_of_record
SF:lib\recepti.dart
DA:21,9
DA:28,2
DA:29,2
DA:42,2
DA:44,2
DA:45,2
DA:48,2
DA:49,6
DA:51,4
DA:53,3
DA:54,3
DA:55,3
DA:56,2
DA:57,1
DA:61,2
DA:62,10
DA:63,2
DA:64,3
DA:68,3
DA:70,1
DA:71,2
DA:72,1
DA:75,2
DA:76,4
DA:77,2
DA:78,2
DA:82,2
DA:83,6
DA:85,2
DA:87,3
DA:91,2
DA:93,4
DA:94,2
DA:95,2
DA:96,2
DA:97,2
DA:100,1
DA:101,2
DA:102,2
DA:103,1
DA:109,1
DA:110,1
DA:111,0
DA:115,1
DA:116,1
DA:118,2
DA:121,1
DA:122,1
DA:123,1
DA:133,1
DA:134,1
DA:138,1
DA:139,1
DA:141,2
DA:142,2
DA:143,2
DA:146,1
DA:148,0
DA:152,2
DA:153,2
DA:154,1
DA:159,1
DA:161,1
DA:162,1
DA:164,2
DA:167,2
DA:168,2
DA:169,2
DA:171,1
DA:172,1
DA:174,1
DA:184,1
DA:185,1
DA:188,0
DA:189,0
DA:193,1
DA:194,1
DA:196,2
DA:197,1
DA:199,2
DA:201,1
DA:202,1
DA:203,2
DA:205,2
DA:206,1
DA:207,1
DA:208,4
DA:211,1
DA:212,1
DA:213,4
DA:220,1
DA:223,1
DA:225,1
DA:227,0
DA:228,0
DA:230,1
DA:231,2
DA:235,1
DA:236,1
DA:237,1
DA:238,2
DA:240,1
DA:241,1
DA:242,1
DA:243,0
DA:251,0
DA:252,0
DA:253,0
DA:254,0
DA:256,0
DA:261,0
DA:262,0
DA:266,2
DA:268,2
DA:269,2
DA:273,2
DA:274,1
DA:275,1
DA:277,1
DA:279,1
DA:282,1
DA:283,1
DA:288,1
DA:289,1
DA:298,2
DA:299,2
DA:300,2
DA:302,2
DA:310,2
DA:314,2
DA:316,2
DA:318,2
DA:319,2
DA:321,2
DA:324,2
DA:328,2
DA:329,1
DA:330,2
DA:331,1
DA:334,2
DA:337,4
DA:339,1
DA:341,1
DA:342,2
DA:343,1
DA:348,2
DA:349,2
DA:350,2
DA:359,2
DA:361,2
DA:372,1
DA:373,1
DA:374,1
DA:376,1
DA:377,1
DA:378,1
DA:379,2
DA:380,2
DA:381,2
DA:382,2
DA:384,3
DA:385,2
DA:387,1
DA:388,1
DA:389,1
DA:391,1
DA:397,1
DA:400,2
DA:401,1
DA:403,1
DA:405,1
DA:407,1
DA:410,2
DA:413,1
DA:416,2
DA:418,1
DA:421,1
DA:428,2
DA:431,2
DA:432,2
DA:434,3
DA:455,2
DA:464,1
DA:465,1
DA:476,3
DA:478,1
DA:479,2
DA:480,1
DA:483,1
DA:484,3
DA:485,5
DA:488,1
DA:490,1
DA:491,1
DA:494,1
DA:495,2
DA:496,1
DA:497,1
DA:501,5
DA:502,0
DA:504,0
DA:507,5
DA:508,0
DA:510,1
DA:511,2
DA:512,3
DA:513,2
DA:514,2
DA:516,0
DA:517,0
DA:518,0
DA:522,1
DA:523,2
DA:524,1
DA:525,1
DA:526,1
DA:527,1
DA:530,1
DA:531,2
DA:532,2
DA:533,1
DA:539,0
DA:540,0
DA:542,0
DA:543,0
DA:545,0
DA:546,0
DA:548,0
DA:551,0
DA:552,0
DA:553,0
DA:554,0
DA:555,0
DA:556,0
DA:558,0
DA:568,0
DA:569,0
DA:570,0
DA:571,0
DA:575,0
DA:576,0
DA:578,0
DA:579,0
DA:581,0
DA:583,0
DA:584,0
DA:585,0
DA:587,0
DA:588,0
DA:589,0
DA:590,0
DA:593,0
DA:594,0
DA:595,0
DA:602,0
DA:605,0
DA:607,0
DA:609,0
DA:610,0
DA:612,0
DA:613,0
DA:614,0
DA:615,0
DA:617,0
DA:618,0
DA:619,0
DA:620,0
DA:629,1
DA:631,1
DA:632,1
DA:633,3
DA:635,1
DA:636,1
DA:637,1
DA:640,1
DA:642,1
DA:643,1
DA:646,1
DA:650,1
DA:652,1
DA:653,1
DA:654,1
DA:656,1
DA:658,1
DA:662,1
DA:663,1
DA:668,1
DA:669,1
DA:676,1
DA:677,1
DA:678,1
DA:680,1
DA:687,1
DA:689,1
DA:690,1
DA:691,1
DA:693,1
DA:695,1
DA:696,1
DA:697,3
DA:704,5
DA:706,1
DA:707,4
DA:715,4
DA:730,2
DA:731,1
DA:739,3
DA:740,2
DA:741,2
DA:743,2
DA:745,1
DA:746,1
DA:747,1
DA:748,1
DA:749,1
DA:751,1
DA:757,1
DA:758,3
DA:768,2
DA:769,0
DA:779,3
DA:780,2
DA:781,2
DA:782,2
DA:783,2
DA:784,2
DA:786,2
DA:788,1
DA:789,1
DA:790,1
DA:792,1
DA:796,1
DA:797,1
DA:826,1
DA:836,1
DA:837,1
DA:856,3
DA:858,1
DA:859,2
DA:860,1
DA:863,1
DA:865,1
DA:866,4
DA:867,4
DA:868,2
DA:870,5
DA:873,3
DA:874,1
DA:875,2
DA:876,2
DA:877,2
DA:878,2
DA:879,2
DA:882,2
DA:883,4
DA:884,1
DA:886,1
DA:889,1
DA:890,2
DA:891,1
DA:892,1
DA:896,1
DA:897,1
DA:898,2
DA:899,1
DA:902,0
DA:903,0
DA:904,0
DA:907,1
DA:908,2
DA:909,1
DA:915,1
DA:917,2
DA:918,2
DA:919,2
DA:920,2
DA:921,1
DA:924,1
DA:925,1
DA:927,1
DA:929,2
DA:930,2
DA:931,1
DA:933,2
DA:934,2
DA:935,2
DA:937,1
DA:938,1
DA:939,1
DA:942,1
DA:943,1
DA:952,1
DA:955,2
DA:956,1
DA:957,1
DA:959,1
DA:961,1
DA:971,1
DA:972,1
DA:973,4
DA:976,3
DA:979,1
DA:980,0
DA:984,2
DA:985,4
DA:986,0
DA:988,1
DA:989,0
DA:993,2
DA:994,2
DA:997,2
DA:999,2
DA:1000,1
DA:1002,1
DA:1003,0
DA:1004,0
DA:1006,3
DA:1014,1
DA:1015,2
DA:1019,0
DA:1020,0
DA:1021,0
DA:1025,1
DA:1026,3
DA:1027,2
DA:1028,2
DA:1029,0
DA:1033,3
DA:1034,3
DA:1035,4
DA:1037,2
DA:1038,1
DA:1039,1
DA:1043,4
DA:1044,1
DA:1045,3
DA:1047,1
DA:1048,2
DA:1049,2
DA:1052,1
DA:1053,2
DA:1054,1
DA:1060,1
DA:1062,1
DA:1063,3
DA:1064,1
DA:1066,1
DA:1067,1
DA:1068,1
DA:1069,1
DA:1071,1
DA:1072,1
DA:1073,1
DA:1075,1
DA:1076,1
DA:1077,1
DA:1082,1
DA:1083,1
DA:1088,1
DA:1089,2
DA:1091,1
DA:1096,1
DA:1097,1
DA:1111,1
DA:1112,1
DA:1116,1
DA:1117,1
DA:1118,1
DA:1121,1
DA:1122,1
DA:1123,1
DA:1124,2
DA:1125,1
DA:1130,1
DA:1131,1
DA:1138,1
DA:1140,1
DA:1141,1
DA:1147,1
DA:1148,2
DA:1149,1
DA:1157,1
DA:1158,4
DA:1159,2
DA:1160,2
DA:1161,2
DA:1162,2
DA:1164,1
DA:1166,1
DA:1167,1
DA:1168,1
DA:1169,2
DA:1171,1
DA:1173,0
DA:1179,2
DA:1181,1
DA:1182,1
DA:1191,1
DA:1192,1
DA:1193,1
DA:1196,1
DA:1197,2
DA:1198,1
DA:1204,3
LF:504
LH:424
end_of_record
SF:lib\test_seams.dart
DA:24,33
DA:26,1
DA:27,1
DA:29,2
DA:30,2
DA:32,1
DA:34,1
DA:36,1
DA:38,1
DA:40,1
DA:42,1
DA:44,1
DA:45,1
DA:47,1
DA:53,1
DA:65,33
DA:67,2
DA:69,2
DA:70,2
DA:71,2
DA:72,2
DA:73,2
LF:22
LH:22
end_of_record
